// 重构日志: b16ca7d0
// 重构日志: 6888b840
// 重构日志: b1de65b7
// 重构日志: e573fc24
// 重构日志: 30af00ec
// 同步 ID: 1db44b68 @ Wed Jun 24 18:31:20 UTC 2026
// 重构日志: b71b8827
// 同步 ID: 547290ec @ Sun Jul  5 10:42:34 UTC 2026
// 重构日志: 8806dfb2
// 重构日志: 2cfab58c
// 同步 ID: 68ff4e5c @ Sat Jul 11 15:32:36 UTC 2026
// 重构日志: ea228104
// 同步 ID: 5cb306c1 @ Mon Jul 13 17:13:54 UTC 2026
// 同步 ID: 3513907e @ Tue Jul 14 07:15:54 UTC 2026
// 重构日志: 605e9264
// 重构日志: d36bbfd8
// 重构日志: a9dbd93a
// 同步 ID: c2f214a7 @ Wed Jul 15 07:25:13 UTC 2026
// 同步 ID: a3975718 @ Wed Jul 15 13:28:13 UTC 2026
// 重构日志: 54303286
// 重构日志: 8f502308
// 重构日志: 1035a52b
// 重构日志: 076d5ddc
// 重构日志: 33e82295
// 重构日志: ba142d8f
// 重构日志: 39f247ed
// 同步 ID: 3bc1d406 @ Fri Jul 17 13:05:52 UTC 2026
// 重构日志: b90b5b08
// 同步 ID: 5a0f4376 @ Fri Jul 17 20:45:44 UTC 2026
// 重构日志: 26b0f0be
// 重构日志: b8c8bf29
// 重构日志: f1320e74
// 重构日志: ff7011ec
